Removed Pin From Net: NetName=CELL4 Pin=P2-1
Removed Pin From Net: NetName=CELL3 Pin=P2-2
Removed Pin From Net: NetName=NetP2_4 Pin=Q1-1
Change Component Footprint: Designator=P2 Old Footprint=CONN_B4B-XH-A_JST New Footprint=CONN_B5B-PH-K-SLFSN_JST
Change component parameters: Designator = "P2" ("P2"); Footprint = "CONN_B4B-XH-A_JST"; UniqueID = "\KZYGHQAK" ("\KZYGHQAK")
Change component parameters (AddParameter): Name = "Category"; Value = "Connectors"; VariantName = "[No Variations]"
Change component parameters (AddParameter): Name = "ComponentLink1Description"; Value = "https://datasheet.ciiva.com/6905/phseries-6905849.pdf?src-supplier=Digikey"; VariantName = "[No Variations]"
Change component parameters (AddParameter): Name = "ComponentLink1URL"; Value = "https://datasheet.ciiva.com/6905/phseries-6905849.pdf?src-supplier=Digikey"; VariantName = "[No Variations]"
Change component parameters (AddParameter): Name = "Manufacturer"; Value = "JST"; VariantName = "[No Variations]"
Change component parameters (AddParameter): Name = "Manufacturer Part Number"; Value = "B5B-PH-K-S"; VariantName = "[No Variations]"
Change component parameters (AddParameter): Name = "Pricing"; Value = "1=0.31, 10=0.268, 100=0.2084, 500=0.1786, 1000=0.14883, 5000=0.12757, 10000=0.11906 (USD)"; VariantName = "[No Variations]"
Change component parameters (AddParameter): Name = "RoHS"; Value = "Yes"; VariantName = "[No Variations]"
Change component parameters (AddParameter): Name = "Stock"; Value = "427072"; VariantName = "[No Variations]"
Change component parameters (AddParameter): Name = "Supplier"; Value = "Digikey"; VariantName = "[No Variations]"
Change component parameters (AddParameter): Name = "Supplier Part Number"; Value = "455-1707-ND"; VariantName = "[No Variations]"
Added Pin To Net: NetName=14.8 V Pin=P2-1
Added Pin To Net: NetName=CELL4 Pin=P2-2
Added Pin To Net: NetName=CELL3 Pin=P2-3
Added Pin To Net: NetName=NetP2_4 Pin=R9-2
Added Pin To Net: NetName=NetP2_4 Pin=U2-1
Added Pin To Net: NetName=NetP2_5 Pin=P2-5
Added Pin To Net: NetName=NetP2_5 Pin=Q1-1
Added Net: Name=NetP2_5
Added Member To Class: ClassName=battery_monitor_4S_thru_hole Member=Component P3 Connector
