Removed Pin From Net: NetName=CELL4 Pin=U1A-1
Removed Pin From Net: NetName=NetR1_1 Pin=U1A-2
Removed Pin From Net: NetName=NetR3_2 Pin=U1A-3
Removed Pin From Net: NetName=GND Pin=U1A-4
Removed Pin From Net: NetName=14.8 V Pin=U1A-8
Removed Pin From Net: NetName=CELL3 Pin=U1B-1
Removed Pin From Net: NetName=NetR5_1 Pin=U1B-2
Removed Pin From Net: NetName=NetR7_2 Pin=U1B-3
Removed Pin From Net: NetName=GND Pin=U1B-4
Removed Pin From Net: NetName=14.8 V Pin=U1B-8
Removed Pin From Net: NetName=NetP2_3 Pin=U2A-1
Removed Pin From Net: NetName=NetR9_1 Pin=U2A-2
Removed Pin From Net: NetName=NetR11_2 Pin=U2A-3
Removed Pin From Net: NetName=GND Pin=U2A-4
Removed Pin From Net: NetName=14.8 V Pin=U2A-8
Removed Member From Class: ClassName=battery_monitor_4S_thru_hole Member=U1A
Removed Member From Class: ClassName=battery_monitor_4S_thru_hole Member=U1B
Removed Member From Class: ClassName=battery_monitor_4S_thru_hole Member=U2A
Add Pin To Net: Unknown Pin: Pin U1-1
Add Pin To Net: Unknown Pin: Pin U1-2
Add Pin To Net: Unknown Pin: Pin U1-3
Add Pin To Net: Unknown Pin: Pin U1-4
Add Pin To Net: Unknown Pin: Pin U1-8
Add Pin To Net: Unknown Pin: Pin U2-1
Add Pin To Net: Unknown Pin: Pin U2-2
Add Pin To Net: Unknown Pin: Pin U2-3
Add Pin To Net: Unknown Pin: Pin U2-4
Add Pin To Net: Unknown Pin: Pin U2-5
Add Pin To Net: Unknown Pin: Pin U2-6
Add Pin To Net: Unknown Pin: Pin U2-7
Add Pin To Net: Unknown Pin: Pin U2-8
Add Class Member: Failed to add class member : Component U1 LMC662AIN/NOPB
Add Class Member: Failed to add class member : Component U2 LMC662AIN/NOPB
Add Class Member: Failed to add class member : Component U? LMC662AIN/NOPB
