Added Component: Designator=U1(FP-P0008A-MFG - duplicate)
Add component (AddParameter): Name = "Amplifier Type"; Value = "OPERATIONAL AMPLIFIER"; VariantName = "[No Variations]"
Add component (AddParameter): Name = "Architecture"; Value = "VOLTAGE-FEEDBACK"; VariantName = "[No Variations]"
Add component (AddParameter): Name = "Average Bias Current-Max (IIB)"; Value = "4pA"; VariantName = "[No Variations]"
Add component (AddParameter): Name = "Bias Current-Max (IIB) @25C"; Value = "4pA"; VariantName = "[No Variations]"
Add component (AddParameter): Name = "Case/Package"; Value = "DIP"; VariantName = "[No Variations]"
Add component (AddParameter): Name = "Category"; Value = "Amplifiers - Op Amps, Buffer, Instrumentation"; VariantName = "[No Variations]"
Add component (AddParameter): Name = "Channels"; Value = "2"; VariantName = "[No Variations]"
Add component (AddParameter): Name = "Common Mode Rejection Ratio-Min"; Value = "70dB"; VariantName = "[No Variations]"
Add component (AddParameter): Name = "Common-mode Reject Ratio-Nom"; Value = "83dB"; VariantName = "[No Variations]"
Add component (AddParameter): Name = "ComponentLink1Description"; Value = "https://datasheet.ciiva.com:443/pdfs/VipMasterIC/IC/NATL/NATLE100002/NATLS12940-1.pdf?src-supplier=IHS+Markit"; VariantName = "[No Variations]"
Add component (AddParameter): Name = "ComponentLink1URL"; Value = "https://datasheet.ciiva.com:443/pdfs/VipMasterIC/IC/NATL/NATLE100002/NATLS12940-1.pdf?src-supplier=IHS+Markit"; VariantName = "[No Variations]"
Add component (AddParameter): Name = "ComponentLink2Description"; Value = "https://datasheet.ciiva.com/8009/1811114-8009260.pdf?src-supplier=Element14"; VariantName = "[No Variations]"
Add component (AddParameter): Name = "ComponentLink2URL"; Value = "https://datasheet.ciiva.com/8009/1811114-8009260.pdf?src-supplier=Element14"; VariantName = "[No Variations]"
Add component (AddParameter): Name = "ComponentLink3Description"; Value = "https://datasheet.ciiva.com/25629/0900766b810fa667-25629227.pdf?src-supplier=Rs"; VariantName = "[No Variations]"
Add component (AddParameter): Name = "ComponentLink3URL"; Value = "https://datasheet.ciiva.com/25629/0900766b810fa667-25629227.pdf?src-supplier=Rs"; VariantName = "[No Variations]"
Add component (AddParameter): Name = "ComponentLink4Description"; Value = "https://datasheet.ciiva.com/14151/nclmc662-data-e-14151343.pdf?src-supplier=Distrelec"; VariantName = "[No Variations]"
Add component (AddParameter): Name = "ComponentLink4URL"; Value = "https://datasheet.ciiva.com/14151/nclmc662-data-e-14151343.pdf?src-supplier=Distrelec"; VariantName = "[No Variations]"
Add component (AddParameter): Name = "ComponentLink5Description"; Value = "https://datasheet.ciiva.com/2973/lmc662-2973511.pdf?src-supplier=Avnet"; VariantName = "[No Variations]"
Add component (AddParameter): Name = "ComponentLink5URL"; Value = "https://datasheet.ciiva.com/2973/lmc662-2973511.pdf?src-supplier=Avnet"; VariantName = "[No Variations]"
Add component (AddParameter): Name = "Frequency Compensation"; Value = "YES"; VariantName = "[No Variations]"
Add component (AddParameter): Name = "Height - Seated (Max)"; Value = "5.08mm"; VariantName = "[No Variations]"
Add component (AddParameter): Name = "Input Offset Voltage-Max"; Value = "3.3mV"; VariantName = "[No Variations]"
Add component (AddParameter): Name = "JESD-30 Code"; Value = "R-PDIP-T8"; VariantName = "[No Variations]"
Add component (AddParameter): Name = "JESD-609 Code"; Value = "e3"; VariantName = "[No Variations]"
Add component (AddParameter): Name = "Length"; Value = "9.817mm"; VariantName = "[No Variations]"
Add component (AddParameter): Name = "Low-Bias"; Value = "Yes"; VariantName = "[No Variations]"
Add component (AddParameter): Name = "Low-Offset"; Value = "No"; VariantName = "[No Variations]"
Add component (AddParameter): Name = "Manufacturer"; Value = "TI National Semiconductor"; VariantName = "[No Variations]"
Add component (AddParameter): Name = "Manufacturer Part Number"; Value = "LMC662AIN/NOPB"; VariantName = "[No Variations]"
Add component (AddParameter): Name = "Max Operating Temperature"; Value = "85캜"; VariantName = "[No Variations]"
Add component (AddParameter): Name = "Max Supply Current"; Value = "1.5mA"; VariantName = "[No Variations]"
Add component (AddParameter): Name = "Micropower"; Value = "Yes"; VariantName = "[No Variations]"
Add component (AddParameter): Name = "Min Operating Temperature"; Value = "-40캜"; VariantName = "[No Variations]"
Add component (AddParameter): Name = "Moisture Sensitivity Level"; Value = "1"; VariantName = "[No Variations]"
Add component (AddParameter): Name = "Neg Supply Voltage Limit-Max"; Value = "0V"; VariantName = "[No Variations]"
Add component (AddParameter): Name = "Neg Supply Voltage-Nom (Vsup)"; Value = "0V"; VariantName = "[No Variations]"
Add component (AddParameter): Name = "Nominal Supply Voltage"; Value = "5V"; VariantName = "[No Variations]"
Add component (AddParameter): Name = "Package Body Material"; Value = "Plastic"; VariantName = "[No Variations]"
Add component (AddParameter): Name = "Package Equivalence Code"; Value = "DIP8,.3"; VariantName = "[No Variations]"
Add component (AddParameter): Name = "Package Shape"; Value = "Rectangular"; VariantName = "[No Variations]"
Add component (AddParameter): Name = "Package Style"; Value = "IN-LINEMeter"; VariantName = "[No Variations]"
Add component (AddParameter): Name = "Packaging"; Value = "Rail/Tube"; VariantName = "[No Variations]"
Add component (AddParameter): Name = "Peak Reflow Temperature (Cel)"; Value = "260캜"; VariantName = "[No Variations]"
Add component (AddParameter): Name = "Pins"; Value = "8"; VariantName = "[No Variations]"
Add component (AddParameter): Name = "Power Supplies"; Value = "5/15V"; VariantName = "[No Variations]"
Add component (AddParameter): Name = "Pricing"; Value = "1=2.59, 10=2.329, 40=2.19675, 120=1.87167, 280=1.75739, 520=1.53773, 1000=1.27412, 2520=1.18625, 5000=1.14231 (USD)"; VariantName = "[No Variations]"
Add component (AddParameter): Name = "Qualification Status"; Value = "Not Qualified"; VariantName = "[No Variations]"
Add component (AddParameter): Name = "Reach SVHC Compliant"; Value = "Yes"; VariantName = "[No Variations]"
Add component (AddParameter): Name = "RoHS"; Value = "Yes"; VariantName = "[No Variations]"
Add component (AddParameter): Name = "RoHS Compliant"; Value = "Yes"; VariantName = "[No Variations]"
Add component (AddParameter): Name = "Slew Rate"; Value = "1.1V/탎"; VariantName = "[No Variations]"
Add component (AddParameter): Name = "Slew Rate-Min"; Value = "0.8V/탎"; VariantName = "[No Variations]"
Add component (AddParameter): Name = "Stock"; Value = "759"; VariantName = "[No Variations]"
Add component (AddParameter): Name = "Supplier"; Value = "Digikey"; VariantName = "[No Variations]"
Add component (AddParameter): Name = "Supplier Part Number"; Value = "LMC662AIN/NOPB-ND"; VariantName = "[No Variations]"
Add component (AddParameter): Name = "Supply Voltage Limit-Max"; Value = "16V"; VariantName = "[No Variations]"
Add component (AddParameter): Name = "Surface Mount"; Value = "No"; VariantName = "[No Variations]"
Add component (AddParameter): Name = "Technology"; Value = "CMOS"; VariantName = "[No Variations]"
Add component (AddParameter): Name = "Temperature Grade"; Value = "INDUSTRIAL"; VariantName = "[No Variations]"
Add component (AddParameter): Name = "Terminal Finish"; Value = "Tin"; VariantName = "[No Variations]"
Add component (AddParameter): Name = "Terminal Form"; Value = "Through Hole"; VariantName = "[No Variations]"
Add component (AddParameter): Name = "Terminal Pitch"; Value = "2.54mm"; VariantName = "[No Variations]"
Add component (AddParameter): Name = "Terminal Position"; Value = "DUAL"; VariantName = "[No Variations]"
Add component (AddParameter): Name = "Time @ Peak Reflow Temperature-Max (s)"; Value = "40s"; VariantName = "[No Variations]"
Add component (AddParameter): Name = "Unity Gain BW-Nom"; Value = "1.4MHz"; VariantName = "[No Variations]"
Add component (AddParameter): Name = "Voltage Gain-Min"; Value = "100000"; VariantName = "[No Variations]"
Add component (AddParameter): Name = "Width"; Value = "7.62mm"; VariantName = "[No Variations]"
Added Component: Designator=U2(FP-P0008A-MFG - duplicate)
Add component (AddParameter): Name = "Amplifier Type"; Value = "OPERATIONAL AMPLIFIER"; VariantName = "[No Variations]"
Add component (AddParameter): Name = "Architecture"; Value = "VOLTAGE-FEEDBACK"; VariantName = "[No Variations]"
Add component (AddParameter): Name = "Average Bias Current-Max (IIB)"; Value = "4pA"; VariantName = "[No Variations]"
Add component (AddParameter): Name = "Bias Current-Max (IIB) @25C"; Value = "4pA"; VariantName = "[No Variations]"
Add component (AddParameter): Name = "Case/Package"; Value = "DIP"; VariantName = "[No Variations]"
Add component (AddParameter): Name = "Category"; Value = "Amplifiers - Op Amps, Buffer, Instrumentation"; VariantName = "[No Variations]"
Add component (AddParameter): Name = "Channels"; Value = "2"; VariantName = "[No Variations]"
Add component (AddParameter): Name = "Common Mode Rejection Ratio-Min"; Value = "70dB"; VariantName = "[No Variations]"
Add component (AddParameter): Name = "Common-mode Reject Ratio-Nom"; Value = "83dB"; VariantName = "[No Variations]"
Add component (AddParameter): Name = "ComponentLink1Description"; Value = "https://datasheet.ciiva.com:443/pdfs/VipMasterIC/IC/NATL/NATLE100002/NATLS12940-1.pdf?src-supplier=IHS+Markit"; VariantName = "[No Variations]"
Add component (AddParameter): Name = "ComponentLink1URL"; Value = "https://datasheet.ciiva.com:443/pdfs/VipMasterIC/IC/NATL/NATLE100002/NATLS12940-1.pdf?src-supplier=IHS+Markit"; VariantName = "[No Variations]"
Add component (AddParameter): Name = "ComponentLink2Description"; Value = "https://datasheet.ciiva.com/8009/1811114-8009260.pdf?src-supplier=Element14"; VariantName = "[No Variations]"
Add component (AddParameter): Name = "ComponentLink2URL"; Value = "https://datasheet.ciiva.com/8009/1811114-8009260.pdf?src-supplier=Element14"; VariantName = "[No Variations]"
Add component (AddParameter): Name = "ComponentLink3Description"; Value = "https://datasheet.ciiva.com/25629/0900766b810fa667-25629227.pdf?src-supplier=Rs"; VariantName = "[No Variations]"
Add component (AddParameter): Name = "ComponentLink3URL"; Value = "https://datasheet.ciiva.com/25629/0900766b810fa667-25629227.pdf?src-supplier=Rs"; VariantName = "[No Variations]"
Add component (AddParameter): Name = "ComponentLink4Description"; Value = "https://datasheet.ciiva.com/14151/nclmc662-data-e-14151343.pdf?src-supplier=Distrelec"; VariantName = "[No Variations]"
Add component (AddParameter): Name = "ComponentLink4URL"; Value = "https://datasheet.ciiva.com/14151/nclmc662-data-e-14151343.pdf?src-supplier=Distrelec"; VariantName = "[No Variations]"
Add component (AddParameter): Name = "ComponentLink5Description"; Value = "https://datasheet.ciiva.com/2973/lmc662-2973511.pdf?src-supplier=Avnet"; VariantName = "[No Variations]"
Add component (AddParameter): Name = "ComponentLink5URL"; Value = "https://datasheet.ciiva.com/2973/lmc662-2973511.pdf?src-supplier=Avnet"; VariantName = "[No Variations]"
Add component (AddParameter): Name = "Frequency Compensation"; Value = "YES"; VariantName = "[No Variations]"
Add component (AddParameter): Name = "Height - Seated (Max)"; Value = "5.08mm"; VariantName = "[No Variations]"
Add component (AddParameter): Name = "Input Offset Voltage-Max"; Value = "3.3mV"; VariantName = "[No Variations]"
Add component (AddParameter): Name = "JESD-30 Code"; Value = "R-PDIP-T8"; VariantName = "[No Variations]"
Add component (AddParameter): Name = "JESD-609 Code"; Value = "e3"; VariantName = "[No Variations]"
Add component (AddParameter): Name = "Length"; Value = "9.817mm"; VariantName = "[No Variations]"
Add component (AddParameter): Name = "Low-Bias"; Value = "Yes"; VariantName = "[No Variations]"
Add component (AddParameter): Name = "Low-Offset"; Value = "No"; VariantName = "[No Variations]"
Add component (AddParameter): Name = "Manufacturer"; Value = "TI National Semiconductor"; VariantName = "[No Variations]"
Add component (AddParameter): Name = "Manufacturer Part Number"; Value = "LMC662AIN/NOPB"; VariantName = "[No Variations]"
Add component (AddParameter): Name = "Max Operating Temperature"; Value = "85캜"; VariantName = "[No Variations]"
Add component (AddParameter): Name = "Max Supply Current"; Value = "1.5mA"; VariantName = "[No Variations]"
Add component (AddParameter): Name = "Micropower"; Value = "Yes"; VariantName = "[No Variations]"
Add component (AddParameter): Name = "Min Operating Temperature"; Value = "-40캜"; VariantName = "[No Variations]"
Add component (AddParameter): Name = "Moisture Sensitivity Level"; Value = "1"; VariantName = "[No Variations]"
Add component (AddParameter): Name = "Neg Supply Voltage Limit-Max"; Value = "0V"; VariantName = "[No Variations]"
Add component (AddParameter): Name = "Neg Supply Voltage-Nom (Vsup)"; Value = "0V"; VariantName = "[No Variations]"
Add component (AddParameter): Name = "Nominal Supply Voltage"; Value = "5V"; VariantName = "[No Variations]"
Add component (AddParameter): Name = "Package Body Material"; Value = "Plastic"; VariantName = "[No Variations]"
Add component (AddParameter): Name = "Package Equivalence Code"; Value = "DIP8,.3"; VariantName = "[No Variations]"
Add component (AddParameter): Name = "Package Shape"; Value = "Rectangular"; VariantName = "[No Variations]"
Add component (AddParameter): Name = "Package Style"; Value = "IN-LINEMeter"; VariantName = "[No Variations]"
Add component (AddParameter): Name = "Packaging"; Value = "Rail/Tube"; VariantName = "[No Variations]"
Add component (AddParameter): Name = "Peak Reflow Temperature (Cel)"; Value = "260캜"; VariantName = "[No Variations]"
Add component (AddParameter): Name = "Pins"; Value = "8"; VariantName = "[No Variations]"
Add component (AddParameter): Name = "Power Supplies"; Value = "5/15V"; VariantName = "[No Variations]"
Add component (AddParameter): Name = "Pricing"; Value = "1=2.59, 10=2.329, 40=2.19675, 120=1.87167, 280=1.75739, 520=1.53773, 1000=1.27412, 2520=1.18625, 5000=1.14231 (USD)"; VariantName = "[No Variations]"
Add component (AddParameter): Name = "Qualification Status"; Value = "Not Qualified"; VariantName = "[No Variations]"
Add component (AddParameter): Name = "Reach SVHC Compliant"; Value = "Yes"; VariantName = "[No Variations]"
Add component (AddParameter): Name = "RoHS"; Value = "Yes"; VariantName = "[No Variations]"
Add component (AddParameter): Name = "RoHS Compliant"; Value = "Yes"; VariantName = "[No Variations]"
Add component (AddParameter): Name = "Slew Rate"; Value = "1.1V/탎"; VariantName = "[No Variations]"
Add component (AddParameter): Name = "Slew Rate-Min"; Value = "0.8V/탎"; VariantName = "[No Variations]"
Add component (AddParameter): Name = "Stock"; Value = "759"; VariantName = "[No Variations]"
Add component (AddParameter): Name = "Supplier"; Value = "Digikey"; VariantName = "[No Variations]"
Add component (AddParameter): Name = "Supplier Part Number"; Value = "LMC662AIN/NOPB-ND"; VariantName = "[No Variations]"
Add component (AddParameter): Name = "Supply Voltage Limit-Max"; Value = "16V"; VariantName = "[No Variations]"
Add component (AddParameter): Name = "Surface Mount"; Value = "No"; VariantName = "[No Variations]"
Add component (AddParameter): Name = "Technology"; Value = "CMOS"; VariantName = "[No Variations]"
Add component (AddParameter): Name = "Temperature Grade"; Value = "INDUSTRIAL"; VariantName = "[No Variations]"
Add component (AddParameter): Name = "Terminal Finish"; Value = "Tin"; VariantName = "[No Variations]"
Add component (AddParameter): Name = "Terminal Form"; Value = "Through Hole"; VariantName = "[No Variations]"
Add component (AddParameter): Name = "Terminal Pitch"; Value = "2.54mm"; VariantName = "[No Variations]"
Add component (AddParameter): Name = "Terminal Position"; Value = "DUAL"; VariantName = "[No Variations]"
Add component (AddParameter): Name = "Time @ Peak Reflow Temperature-Max (s)"; Value = "40s"; VariantName = "[No Variations]"
Add component (AddParameter): Name = "Unity Gain BW-Nom"; Value = "1.4MHz"; VariantName = "[No Variations]"
Add component (AddParameter): Name = "Voltage Gain-Min"; Value = "100000"; VariantName = "[No Variations]"
Add component (AddParameter): Name = "Width"; Value = "7.62mm"; VariantName = "[No Variations]"
Added Pin To Net: NetName=CELL4 Pin=U1-1
Added Pin To Net: NetName=NetR3_2 Pin=U1-2
Added Pin To Net: NetName=NetR1_1 Pin=U1-3
Added Pin To Net: NetName=14.8 V Pin=U1-4
Added Pin To Net: NetName=NetR5_1 Pin=U1-5
Added Pin To Net: NetName=NetR7_2 Pin=U1-6
Added Pin To Net: NetName=CELL3 Pin=U1-7
Added Pin To Net: NetName=GND Pin=U1-8
Added Pin To Net: NetName=NetP2_3 Pin=U2-1
Added Pin To Net: NetName=NetR11_2 Pin=U2-2
Added Pin To Net: NetName=NetR9_1 Pin=U2-3
Added Pin To Net: NetName=14.8 V Pin=U2-4
Added Pin To Net: NetName=GND Pin=U2-8
Added Member To Class: ClassName=battery_monitor_4S_thru_hole Member=Component U1 LMC662AIN/NOPB
Added Member To Class: ClassName=battery_monitor_4S_thru_hole Member=Component U2 LMC662AIN/NOPB
